[debug] [2024-03-30T09:43:51.927Z] ----------------------------------------------------------------------
[debug] [2024-03-30T09:43:51.928Z] Command:       C:\Program Files\nodejs\node.exe C:\Program Files\nodejs\node_modules\firebase-tools\lib\bin\firebase.js init hosting
[debug] [2024-03-30T09:43:51.929Z] CLI Version:   13.6.0
[debug] [2024-03-30T09:43:51.929Z] Platform:      win32
[debug] [2024-03-30T09:43:51.929Z] Node Version:  v20.12.0
[debug] [2024-03-30T09:43:51.929Z] Time:          Sat Mar 30 2024 16:43:51 GMT+0700 (Indochina Time)
[debug] [2024-03-30T09:43:51.929Z] ----------------------------------------------------------------------
[debug] 
[debug] [2024-03-30T09:43:51.934Z] > command requires scopes: ["email","openid","https://www.googleapis.com/auth/cloudplatformprojects.readonly","https://www.googleapis.com/auth/firebase","https://www.googleapis.com/auth/cloud-platform"]
[debug] [2024-03-30T09:43:51.934Z] > authorizing via signed-in user (leductai9898@gmail.com)
[info] 
     ######## #### ########  ######## ########     ###     ######  ########
     ##        ##  ##     ## ##       ##     ##  ##   ##  ##       ##
     ######    ##  ########  ######   ########  #########  ######  ######
     ##        ##  ##    ##  ##       ##     ## ##     ##       ## ##
     ##       #### ##     ## ######## ########  ##     ##  ######  ########

You're about to initialize a Firebase project in this directory:

  C:\taild\New folder\my-app

Before we get started, keep in mind:

  * You are currently outside your home directory

[info] 
=== Project Setup
[info] 
[info] First, let's associate this project directory with a Firebase project.
[info] You can create multiple project aliases by running firebase use --add, 
[info] but for now we'll just set up a default project.
[info] 
